<?xml version="1.0" encoding="UTF-8"?>
<!-- Generated by org.testng.reporters.JUnitReportReporter -->
<testsuite hostname="LAPTOP-OOJD2GM0" failures="0" tests="1" name="december.testfiles.MouseOverIntercation" time="18.911" errors="0" timestamp="2023-01-25T12:24:24 IST" skipped="0">
  <testcase classname="december.testfiles.MouseOverIntercation" name="MouseOverInteraction" time="18.911"/>
  <system-out/>
</testsuite> <!-- december.testfiles.MouseOverIntercation -->
