<?xml version="1.0" encoding="UTF-8"?>
<!-- Generated by org.testng.reporters.JUnitReportReporter -->
<testsuite hostname="LAPTOP-OOJD2GM0" failures="0" tests="1" name="december.testfiles.RegistrationTest" time="13.058" errors="0" timestamp="2022-12-18T20:59:29 IST" skipped="0">
  <testcase classname="december.testfiles.RegistrationTest" name="getRegistration" time="13.058"/>
  <system-out/>
</testsuite> <!-- december.testfiles.RegistrationTest -->
