<?xml version="1.0" encoding="UTF-8"?>
<!-- Generated by org.testng.reporters.JUnitReportReporter -->
<testsuite hostname="LAPTOP-OOJD2GM0" failures="0" tests="2" name="december.testfiles.AddToCartTest" time="17.698" errors="0" timestamp="2023-02-07T15:44:12 IST" skipped="0">
  <testcase classname="december.testfiles.AddToCartTest" name="getAddToCart" time="7.875"/>
  <system-out/>
  <testcase classname="december.testfiles.AddToCartTest" name="getAddToCart" time="9.823"/>
  <system-out/>
</testsuite> <!-- december.testfiles.AddToCartTest -->
