<?xml version="1.0" encoding="UTF-8"?>
<!-- Generated by org.testng.reporters.JUnitReportReporter -->
<testsuite hostname="LAPTOP-OOJD2GM0" failures="0" tests="1" name="december.testfiles.Testng" time="0.029" errors="0" timestamp="2023-03-17T23:04:38 IST" skipped="0">
  <testcase classname="december.testfiles.Testng" name="getTestNG" time="0.029"/>
  <system-out/>
</testsuite> <!-- december.testfiles.Testng -->
