<?xml version="1.0" encoding="UTF-8"?>
<!-- Generated by org.testng.reporters.JUnitReportReporter -->
<testsuite hostname="LAPTOP-OOJD2GM0" failures="0" tests="2" name="december.testfiles.LoginTest" time="12.552" errors="0" timestamp="2022-12-18T20:59:29 IST" skipped="0">
  <testcase classname="december.testfiles.LoginTest" name="getLogin" time="6.698"/>
  <system-out/>
  <testcase classname="december.testfiles.LoginTest" name="getLogin" time="5.854"/>
  <system-out/>
</testsuite> <!-- december.testfiles.LoginTest -->
